<?xml version="1.0" encoding="UTF-8"?>
<!-- Generated by org.testng.reporters.JUnitXMLReporter -->
<testsuite ignored="1" hostname="GEBBSET17063" failures="0" tests="2" name="Test" time="502.782" errors="0" timestamp="2020-11-11T12:29:40 IST">
  <testcase classname="com.qa.TestCases.AddressAllocationScreenTest" name="AdrsAllocScreenTest" time="111.216"/>
  <testcase classname="com.qa.TestCases.ReportsTest" name="ReportFlowTest" time="391.523"/>
  <testcase classname="com.qa.MainFunctions.DriverCalling" name="@BeforeSuite SetExtentReportAndLogger" time="0.0">
    <ignored/>
  </testcase> <!-- @BeforeSuite SetExtentReportAndLogger -->
</testsuite> <!-- Test -->
